<?xml version="1.0" encoding="utf-8"?><testsuites name="pytest tests"><testsuite name="pytest" errors="0" failures="1" skipped="0" tests="8" time="1.790" timestamp="2026-09-17T08:54:00.070228+00:00" hostname="agent-env-da2d485b-2ef1-4a9b-9b67-a3bdcc738f80"><testcase classname="tests.test_kanban_and_projects.TestLeadsBoard" name="test_leads_board_returns_data" time="0.220" /><testcase classname="tests.test_kanban_and_projects.TestLeadsBoard" name="test_move_lead_to_lost_and_back" time="0.479" /><testcase classname="tests.test_kanban_and_projects.TestLeadsBoard" name="test_free_movement_allows_any_stage" time="0.497" /><testcase classname="tests.test_kanban_and_projects.TestBuilderProjectsImages" name="test_csp_allows_https_images" time="0.082" /><testcase classname="tests.test_kanban_and_projects.TestBuilderProjectsImages" name="test_projects_have_photo_urls" time="0.086" /><testcase classname="tests.test_kanban_and_projects.TestRegression" name="test_pin_login_endpoint" time="0.134" /><testcase classname="tests.test_kanban_and_projects.TestRegression" name="test_pages_load" time="0.191" /><testcase classname="tests.test_kanban_and_projects.TestRegression" name="test_pia_defaults_gross_yield" time="0.019"><failure message="assert None is not None">backend/tests/test_kanban_and_projects.py:145: in test_pia_defaults_gross_yield
    assert gy is not None
E   assert None is not None</failure></testcase></testsuite></testsuites>