<?xml version="1.0" encoding="utf-8"?><testsuites name="pytest tests"><testsuite name="pytest" errors="0" failures="0" skipped="0" tests="16" time="9.940" timestamp="2026-09-17T06:42:45.714986+00:00" hostname="agent-env-da2d485b-2ef1-4a9b-9b67-a3bdcc738f80"><testcase classname="tests.test_property_investment.TestUnauthenticated" name="test_calculate_requires_auth" time="0.149" /><testcase classname="tests.test_property_investment.TestUnauthenticated" name="test_list_requires_auth" time="0.116" /><testcase classname="tests.test_property_investment.TestUnauthenticated" name="test_page_route_requires_auth" time="0.164" /><testcase classname="tests.test_property_investment.TestCalculate" name="test_headline_defaults" time="0.160" /><testcase classname="tests.test_property_investment.TestCalculate" name="test_projection_year1_2_3" time="0.051" /><testcase classname="tests.test_property_investment.TestCalculate" name="test_scenarios_and_sensitivity" time="0.017" /><testcase classname="tests.test_property_investment.TestCalculate" name="test_emi_when_loan_present" time="0.023" /><testcase classname="tests.test_property_investment.TestSaveListDelete" name="test_save_analysis" time="0.088" /><testcase classname="tests.test_property_investment.TestSaveListDelete" name="test_list_contains_created" time="0.072" /><testcase classname="tests.test_property_investment.TestSaveListDelete" name="test_get_by_id" time="0.040" /><testcase classname="tests.test_property_investment.TestSaveListDelete" name="test_delete" time="0.127" /><testcase classname="tests.test_property_investment.TestRegression" name="test_dashboard_still_works" time="0.108" /><testcase classname="tests.test_property_investment.TestRegression" name="test_leads_still_works" time="8.570" /><testcase classname="tests.test_property_investment.TestRegression" name="test_inventory_still_works" time="0.045" /><testcase classname="tests.test_property_investment.TestRegression" name="test_calculators_page_loads" time="0.073" /><testcase classname="tests.test_property_investment.TestRegression" name="test_analyzer_page_loads" time="0.018" /></testsuite></testsuites>