<?xml version="1.0" encoding="utf-8"?><testsuites name="pytest tests"><testsuite name="pytest" errors="0" failures="0" skipped="1" tests="23" time="12.364" timestamp="2026-09-17T03:17:58.369393+00:00" hostname="agent-env-da2d485b-2ef1-4a9b-9b67-a3bdcc738f80"><testcase classname="tests.backend_test.TestPublic" name="test_login_html_renders" time="1.875" /><testcase classname="tests.backend_test.TestLeadsCRUD" name="test_list_leads" time="1.802" /><testcase classname="tests.backend_test.TestLeadsCRUD" name="test_create_lead" time="0.035" /><testcase classname="tests.backend_test.TestLeadsCRUD" name="test_get_lead_by_id" time="0.010" /><testcase classname="tests.backend_test.TestLeadsCRUD" name="test_lead_persisted_in_list" time="1.795" /><testcase classname="tests.backend_test.TestPublic" name="test_pin_login_wrong" time="1.797" /><testcase classname="tests.backend_test.TestInventory" name="test_list_inventory" time="0.010" /><testcase classname="tests.backend_test.TestInventory" name="test_create_inventory" time="0.015" /><testcase classname="tests.backend_test.TestInventory" name="test_inventory_persisted" time="0.014" /><testcase classname="tests.backend_test.TestPublic" name="test_pin_login_correct" time="7.212" /><testcase classname="tests.backend_test.TestModules" name="test_builder_projects_list" time="0.013" /><testcase classname="tests.backend_test.TestModules" name="test_broker_network_list" time="0.008" /><testcase classname="tests.backend_test.TestModules" name="test_create_site_visit_requires_fields" time="0.001"><skipped type="pytest.skip" message="prerequisites (lead/property/requirement) missing">/app/backend/tests/backend_test.py:288: prerequisites (lead/property/requirement) missing</skipped></testcase><testcase classname="tests.backend_test.TestAuthenticated" name="test_me_returns_admin" time="0.026" /><testcase classname="tests.backend_test.TestAuthenticated" name="test_dashboard" time="0.014" /><testcase classname="tests.backend_test.TestRequirements" name="test_list_requirements" time="5.902" /><testcase classname="tests.backend_test.TestRequirements" name="test_create_requirement" time="0.039" /><testcase classname="tests.backend_test.TestSiteVisits" name="test_list_site_visits" time="0.047" /><testcase classname="tests.backend_test.TestPublic" name="test_gethub_redirects" time="0.275" /><testcase classname="tests.backend_test.TestPublic" name="test_me_unauth_401" time="0.126" /><testcase classname="tests.backend_test.TestPublic" name="test_dashboard_unauth_401" time="0.180" /><testcase classname="tests.backend_test.TestPublic" name="test_leads_unauth_401" time="0.178" /><testcase classname="tests.backend_test.TestPublic" name="test_test_session_blocked_on_preview" time="0.136" /></testsuite></testsuites>