<?xml version="1.0" encoding="utf-8"?><testsuites name="pytest tests"><testsuite name="pytest" errors="0" failures="0" skipped="0" tests="19" time="12.458" timestamp="2026-09-16T18:57:31.525898+00:00" hostname="agent-env-da2d485b-2ef1-4a9b-9b67-a3bdcc738f80"><testcase classname="tests.backend_test.TestPublic" name="test_login_html_renders" time="1.981" /><testcase classname="tests.backend_test.TestLeadsCRUD" name="test_list_leads" time="1.902" /><testcase classname="tests.backend_test.TestLeadsCRUD" name="test_create_lead" time="0.024" /><testcase classname="tests.backend_test.TestLeadsCRUD" name="test_get_lead_by_id" time="0.011" /><testcase classname="tests.backend_test.TestLeadsCRUD" name="test_lead_persisted_in_list" time="1.902" /><testcase classname="tests.backend_test.TestPublic" name="test_login_state_returns_sign_in_url" time="1.958" /><testcase classname="tests.backend_test.TestInventory" name="test_list_inventory" time="0.024" /><testcase classname="tests.backend_test.TestInventory" name="test_create_inventory" time="0.014" /><testcase classname="tests.backend_test.TestInventory" name="test_inventory_persisted" time="0.012" /><testcase classname="tests.backend_test.TestAuthenticated" name="test_me_returns_admin" time="0.040" /><testcase classname="tests.backend_test.TestPublic" name="test_me_unauth_401" time="7.436" /><testcase classname="tests.backend_test.TestAuthenticated" name="test_dashboard" time="0.013" /><testcase classname="tests.backend_test.TestRequirements" name="test_list_requirements" time="6.177" /><testcase classname="tests.backend_test.TestRequirements" name="test_create_requirement" time="0.030" /><testcase classname="tests.backend_test.TestSiteVisits" name="test_list_site_visits" time="0.012" /><testcase classname="tests.backend_test.TestSiteVisits" name="test_create_site_visit_requires_fields" time="0.063" /><testcase classname="tests.backend_test.TestPublic" name="test_dashboard_unauth_401" time="0.177" /><testcase classname="tests.backend_test.TestPublic" name="test_leads_unauth_401" time="0.200" /><testcase classname="tests.backend_test.TestPublic" name="test_test_session_blocked_on_preview" time="0.164" /></testsuite></testsuites>